2024-11-01 21:31:51,119 - INFO - Logging system initialized
2024-11-01 21:31:51,120 - INFO - Configuration loaded successfully
2024-11-01 21:31:51,120 - INFO - ====== WebDriver manager ======
2024-11-01 21:31:51,530 - INFO - There is no [mac_arm64] chromedriver "latest" for browser google-chrome "130.0.6723" in cache
2024-11-01 21:31:51,530 - INFO - Get LATEST chromedriver version for google-chrome
2024-11-01 21:31:51,603 - INFO - About to download new driver from https://chromedriver.storage.googleapis.com/114.0.5735.90/chromedriver_mac_arm64.zip
2024-11-01 21:31:52,252 - INFO - Driver has been saved in cache [/Users/ralph/.wdm/drivers/chromedriver/mac_arm64/114.0.5735.90]
2024-11-01 21:31:56,059 - ERROR - Failed to initialize WebDriver: Message: session not created: This version of ChromeDriver only supports Chrome version 114
Current browser version is 130.0.6723.92 with binary path /Applications/Google Chrome.app/Contents/MacOS/Google Chrome
Stacktrace:
0   chromedriver                        0x000000010081ff48 chromedriver + 4226888
1   chromedriver                        0x00000001008184f4 chromedriver + 4195572
2   chromedriver                        0x000000010045cd68 chromedriver + 281960
3   chromedriver                        0x0000000100488bac chromedriver + 461740
4   chromedriver                        0x0000000100484fd8 chromedriver + 446424
5   chromedriver                        0x0000000100482150 chromedriver + 434512
6   chromedriver                        0x00000001004bf93c chromedriver + 686396
7   chromedriver                        0x00000001004bf164 chromedriver + 684388
8   chromedriver                        0x000000010048bf1c chromedriver + 474908
9   chromedriver                        0x000000010048cef4 chromedriver + 478964
10  chromedriver                        0x00000001007e159c chromedriver + 3970460
11  chromedriver                        0x00000001007e56f0 chromedriver + 3987184
12  chromedriver                        0x00000001007eb5b4 chromedriver + 4011444
13  chromedriver                        0x00000001007e62fc chromedriver + 3990268
14  chromedriver                        0x00000001007be1c0 chromedriver + 3826112
15  chromedriver                        0x0000000100802088 chromedriver + 4104328
16  chromedriver                        0x00000001008021e0 chromedriver + 4104672
17  chromedriver                        0x0000000100811f28 chromedriver + 4169512
18  libsystem_pthread.dylib             0x00000001941db2e4 _pthread_start + 136
19  libsystem_pthread.dylib             0x00000001941d60fc thread_start + 8

